start
Error: No path given, cant package game
starting build
setting up save directory
project mounted at: "C:\Users\D_Reagan\Desktop\Love2DStuff\outOFbounds"

reading config
setting options
target platforms: "windows,macos,linux"
  name: outOFbounds
  use32bit: false
  developer: Don Reagan
  libs: table: 0x01f43bc80458
  ignore: table: 0x01f43cab1b58
  icon: logo.png
  version: 1.0
  love: 11.5
  output: C:\Users\D_Reagan\Desktop\Love2DStuff\outOFbounds/dist
  identifier: com.don reagan.outofbounds
preprocess: C:\Users\D_Reagan\Desktop\Love2DStuff\outOFbounds/resources/preprocess.sh

making lovefile
creating lovefile from: "C:\Users\D_Reagan\Desktop\Love2DStuff\outOFbounds"
ignoring: "dist,ignoreme.txt,1.0,.github,.gitattributes,.gitignore,.git,.DS_Store,.vs,.vscode,license.txt"
created "output/outofbounds_1.0/outOFbounds.love"

building windows win64
getting love src for: "love-11.5-win64.zip"
src already cached!
setting game icon
setting game metadata
fuse exe
adding lib: "resources/license.txt" > "/license.txt"
love.build > error > Failed to open path: "project/resources/license.txt" (Could not open file project/resources/license.txt. Does not exist.)
Failed to open path: "project/resources/license.txt" (Could not open file project/resources/license.txt. Does not exist.)
built windows win64 successfully

building macos
getting love src for: "love-11.5-macos.zip"
src already cached!
update plist
setting game icon
adding lib: "resources/license.txt" > "Contents/Resources/license.txt"
love.build > error > Failed to open path: "project/resources/license.txt" (Could not open file project/resources/license.txt. Does not exist.)
Failed to open path: "project/resources/license.txt" (Could not open file project/resources/license.txt. Does not exist.)
built macos successfully

building linux
getting love src for: "love-11.5-x86_64.AppImage"
src already cached!
fuse binary
writing love.desktop
adding lib: "resources/license.txt" > "lib/license.txt"
love.build > error > Failed to open path: "project/resources/license.txt" (Could not open file project/resources/license.txt. Does not exist.)
Failed to open path: "project/resources/license.txt" (Could not open file project/resources/license.txt. Does not exist.)
built linux successfully

finishing build
postprocess: C:\Users\D_Reagan\Desktop\Love2DStuff\outOFbounds/resources/postprocess.sh
build finished in 6.6029164s